Generating estar...
Generating exercises for estar using Vercel AI SDK...
Successfully generated and saved data for estar.
Resting to respect API limits...
Generating ir...
Generating exercises for ir using Vercel AI SDK...
Successfully generated and saved data for ir.
Resting to respect API limits...
Generating hacer...
Generating exercises for hacer using Vercel AI SDK...
Timeout! Retrying hacer...
Generating exercises for hacer using Vercel AI SDK...
Successfully generated and saved data for hacer.
Resting to respect API limits...
Generating poder...
Generating exercises for poder using Vercel AI SDK...
Successfully generated and saved data for poder.
Resting to respect API limits...
Generating decir...
Generating exercises for decir using Vercel AI SDK...
Successfully generated and saved data for decir.
Resting to respect API limits...
Generating ver...
Generating exercises for ver using Vercel AI SDK...
Successfully generated and saved data for ver.
Resting to respect API limits...
Generating dar...
Generating exercises for dar using Vercel AI SDK...
Successfully generated and saved data for dar.
Resting to respect API limits...
Generating saber...
Generating exercises for saber using Vercel AI SDK...
Successfully generated and saved data for saber.
Resting to respect API limits...
Generating querer...
Generating exercises for querer using Vercel AI SDK...
Successfully generated and saved data for querer.
Resting to respect API limits...
Generating llegar...
Generating exercises for llegar using Vercel AI SDK...
Successfully generated and saved data for llegar.
Resting to respect API limits...
Generating pasar...
Generating exercises for pasar using Vercel AI SDK...
Successfully generated and saved data for pasar.
Resting to respect API limits...
Generating deber...
Generating exercises for deber using Vercel AI SDK...
Successfully generated and saved data for deber.
Resting to respect API limits...
Generating poner...
Generating exercises for poner using Vercel AI SDK...
Successfully generated and saved data for poner.
Resting to respect API limits...
Generating parecer...
Generating exercises for parecer using Vercel AI SDK...
Successfully generated and saved data for parecer.
Resting to respect API limits...
Generating quedar...
Generating exercises for quedar using Vercel AI SDK...
Successfully generated and saved data for quedar.
Resting to respect API limits...
Generating creer...
Generating exercises for creer using Vercel AI SDK...
Successfully generated and saved data for creer.
Resting to respect API limits...
Generating hablar...
Generating exercises for hablar using Vercel AI SDK...
Successfully generated and saved data for hablar.
Resting to respect API limits...
Generating llevar...
Generating exercises for llevar using Vercel AI SDK...
Successfully generated and saved data for llevar.
Resting to respect API limits...
Generating dejar...
Generating exercises for dejar using Vercel AI SDK...
Successfully generated and saved data for dejar.
Resting to respect API limits...
All done!
